 2023-06-05 07:34:22,399 : INFO : Test_Login : test_addcustomer_005 : 21 : test_addcustomer_005 is started
 2023-06-05 07:34:22,399 : INFO : Test_Login : test_addcustomer_005 : 21 : test_addcustomer_005 is started
 2023-06-05 07:34:22,399 : INFO : Test_Login : test_addcustomer_005 : 23 : Opening Browser
 2023-06-05 07:34:22,399 : INFO : Test_Login : test_addcustomer_005 : 23 : Opening Browser
 2023-06-05 07:34:24,732 : INFO : Test_Login : test_addcustomer_005 : 26 : Going to Url -->https://phptravels.net/api/admin
 2023-06-05 07:34:24,732 : INFO : Test_Login : test_addcustomer_005 : 26 : Going to Url -->https://phptravels.net/api/admin
 2023-06-05 07:34:25,005 : INFO : Test_Login : test_addcustomer_005 : 29 : Entering Email-->admin@phptravels.com
 2023-06-05 07:34:25,005 : INFO : Test_Login : test_addcustomer_005 : 29 : Entering Email-->admin@phptravels.com
 2023-06-05 07:34:25,102 : INFO : Test_Login : test_addcustomer_005 : 31 : Entering Password-->demoadmin
 2023-06-05 07:34:25,102 : INFO : Test_Login : test_addcustomer_005 : 31 : Entering Password-->demoadmin
 2023-06-05 07:34:25,164 : INFO : Test_Login : test_addcustomer_005 : 33 : Clicking Login
 2023-06-05 07:34:25,164 : INFO : Test_Login : test_addcustomer_005 : 33 : Clicking Login
 2023-06-05 07:35:09,727 : INFO : Test_Login : test_page_title_001 : 28 : test_page_title_001 is started
 2023-06-05 07:35:09,727 : INFO : Test_Login : test_page_title_001 : 28 : test_page_title_001 is started
 2023-06-05 07:35:09,727 : INFO : Test_Login : test_page_title_001 : 30 : Opening Browser
 2023-06-05 07:35:09,727 : INFO : Test_Login : test_page_title_001 : 30 : Opening Browser
 2023-06-05 07:35:11,870 : INFO : Test_Login : test_page_title_001 : 33 : Going to Url -->https://phptravels.net/api/admin
 2023-06-05 07:35:11,870 : INFO : Test_Login : test_page_title_001 : 33 : Going to Url -->https://phptravels.net/api/admin
 2023-06-05 07:35:11,879 : INFO : Test_Login : test_page_title_001 : 35 : Page Title -->Administator Login
 2023-06-05 07:35:11,879 : INFO : Test_Login : test_page_title_001 : 35 : Page Title -->Administator Login
 2023-06-05 07:35:12,484 : INFO : Test_Login : test_page_title_001 : 40 : test_page_title_001 is Passed
 2023-06-05 07:35:12,484 : INFO : Test_Login : test_page_title_001 : 40 : test_page_title_001 is Passed
 2023-06-05 07:35:12,484 : INFO : Test_Login : test_page_title_001 : 48 : test_page_title_001 is Completed
 2023-06-05 07:35:12,484 : INFO : Test_Login : test_page_title_001 : 48 : test_page_title_001 is Completed
 2023-06-05 07:35:16,079 : INFO : Test_Login : test_login_002 : 55 : test_login_002 is started
 2023-06-05 07:35:16,079 : INFO : Test_Login : test_login_002 : 55 : test_login_002 is started
 2023-06-05 07:35:16,079 : INFO : Test_Login : test_login_002 : 57 : Opening Browser
 2023-06-05 07:35:16,079 : INFO : Test_Login : test_login_002 : 57 : Opening Browser
 2023-06-05 07:35:18,474 : INFO : Test_Login : test_login_002 : 60 : Going to Url -->https://phptravels.net/api/admin
 2023-06-05 07:35:18,474 : INFO : Test_Login : test_login_002 : 60 : Going to Url -->https://phptravels.net/api/admin
 2023-06-05 07:35:18,719 : INFO : Test_Login : test_login_002 : 63 : Entering Email-->admin@phptravels.com
 2023-06-05 07:35:18,719 : INFO : Test_Login : test_login_002 : 63 : Entering Email-->admin@phptravels.com
 2023-06-05 07:35:18,810 : INFO : Test_Login : test_login_002 : 65 : Entering Password-->demoadmin
 2023-06-05 07:35:18,810 : INFO : Test_Login : test_login_002 : 65 : Entering Password-->demoadmin
 2023-06-05 07:35:18,873 : INFO : Test_Login : test_login_002 : 67 : Clicking Login
 2023-06-05 07:35:18,873 : INFO : Test_Login : test_login_002 : 67 : Clicking Login
 2023-06-05 07:35:24,661 : INFO : Test_Login : test_login_002 : 70 : Page Title -->Dashboard
 2023-06-05 07:35:24,661 : INFO : Test_Login : test_login_002 : 70 : Page Title -->Dashboard
 2023-06-05 07:35:24,970 : INFO : Test_Login : test_login_002 : 72 : Clicking Menu Button
 2023-06-05 07:35:24,970 : INFO : Test_Login : test_login_002 : 72 : Clicking Menu Button
 2023-06-05 07:35:28,597 : INFO : Test_Login : test_login_002 : 81 : Clicking Logout Button
 2023-06-05 07:35:28,597 : INFO : Test_Login : test_login_002 : 81 : Clicking Logout Button
 2023-06-05 07:35:28,598 : INFO : Test_Login : test_login_002 : 83 : test_login_002 is Passed
 2023-06-05 07:35:28,598 : INFO : Test_Login : test_login_002 : 83 : test_login_002 is Passed
 2023-06-05 07:35:28,599 : INFO : Test_Login : test_login_002 : 91 : test_login_002 is Completed
 2023-06-05 07:35:28,599 : INFO : Test_Login : test_login_002 : 91 : test_login_002 is Completed
 2023-06-05 07:35:32,139 : INFO : Test_Login_DDT : test_login_ddt_04 : 22 : test_login_ddt_04 is started
 2023-06-05 07:35:32,139 : INFO : Test_Login_DDT : test_login_ddt_04 : 24 : Opening Browser
 2023-06-05 07:35:34,236 : INFO : Test_Login_DDT : test_login_ddt_04 : 27 : Going to Url -->https://phptravels.net/api/admin
 2023-06-05 07:35:34,470 : INFO : Test_Login_DDT : test_login_ddt_04 : 39 : Entering Email-->admin@phptravels.com
 2023-06-05 07:35:34,548 : INFO : Test_Login_DDT : test_login_ddt_04 : 41 : Entering Password-->demoadmin
 2023-06-05 07:35:34,597 : INFO : Test_Login_DDT : test_login_ddt_04 : 43 : Clicking Login
 2023-06-05 07:35:40,310 : INFO : Test_Login_DDT : test_login_ddt_04 : 48 : Page Title -->Dashboard
 2023-06-05 07:35:40,610 : INFO : Test_Login_DDT : test_login_ddt_04 : 50 : Clicking Menu Button
 2023-06-05 07:35:42,071 : INFO : Test_Login_DDT : test_login_ddt_04 : 56 : Clicking Logout Button
 2023-06-05 07:35:42,493 : INFO : Test_Login_DDT : test_login_ddt_04 : 39 : Entering Email-->admin@phptravels.com1
 2023-06-05 07:35:42,565 : INFO : Test_Login_DDT : test_login_ddt_04 : 41 : Entering Password-->demoadmin
 2023-06-05 07:35:42,601 : INFO : Test_Login_DDT : test_login_ddt_04 : 43 : Clicking Login
 2023-06-05 07:35:47,748 : INFO : Test_Login_DDT : test_login_ddt_04 : 83 : Page Title -->Administator Login
 2023-06-05 07:35:48,146 : INFO : Test_Login_DDT : test_login_ddt_04 : 39 : Entering Email-->admin@phptravels.com
 2023-06-05 07:35:48,236 : INFO : Test_Login_DDT : test_login_ddt_04 : 41 : Entering Password-->demoadmin1
 2023-06-05 07:35:48,275 : INFO : Test_Login_DDT : test_login_ddt_04 : 43 : Clicking Login
 2023-06-05 07:35:53,448 : INFO : Test_Login_DDT : test_login_ddt_04 : 83 : Page Title -->Administator Login
 2023-06-05 07:35:53,768 : INFO : Test_Login_DDT : test_login_ddt_04 : 39 : Entering Email-->admin@phptravels.com1
 2023-06-05 07:35:53,864 : INFO : Test_Login_DDT : test_login_ddt_04 : 41 : Entering Password-->demoadmin1
 2023-06-05 07:35:53,900 : INFO : Test_Login_DDT : test_login_ddt_04 : 43 : Clicking Login
 2023-06-05 07:35:59,043 : INFO : Test_Login_DDT : test_login_ddt_04 : 83 : Page Title -->Administator Login
 2023-06-05 07:35:59,199 : INFO : Test_Login_DDT : test_login_ddt_04 : 92 : test_login_ddt_04 is Passed
 2023-06-05 07:35:59,200 : INFO : Test_Login_DDT : test_login_ddt_04 : 96 : test_login_ddt_04 is Completed
 2023-06-05 07:36:02,629 : INFO : Test_Login_Params : test_login_Params_003 : 22 : test_login_Params_003 is started
 2023-06-05 07:36:02,629 : INFO : Test_Login_Params : test_login_Params_003 : 24 : Opening Browser
 2023-06-05 07:36:04,721 : INFO : Test_Login_Params : test_login_Params_003 : 27 : Going to Url -->https://phptravels.net/api/admin
 2023-06-05 07:36:04,976 : INFO : Test_Login_Params : test_login_Params_003 : 30 : Entering Email-->admin@phptravels.com
 2023-06-05 07:36:05,045 : INFO : Test_Login_Params : test_login_Params_003 : 32 : Entering Password-->demoadmin
 2023-06-05 07:36:05,106 : INFO : Test_Login_Params : test_login_Params_003 : 34 : Clicking Login
 2023-06-05 07:36:10,950 : INFO : Test_Login_Params : test_login_Params_003 : 40 : Page Title -->Dashboard
 2023-06-05 07:36:11,181 : INFO : Test_Login_Params : test_login_Params_003 : 42 : Clicking Menu Button
 2023-06-05 07:36:12,680 : INFO : Test_Login_Params : test_login_Params_003 : 48 : Clicking Logout Button
 2023-06-05 07:36:12,680 : INFO : Test_Login_Params : test_login_Params_003 : 80 : test_login_Params_003 is Passed
 2023-06-05 07:36:12,680 : INFO : Test_Login_Params : test_login_Params_003 : 84 : test_login_Params_003 is Completed
 2023-06-05 07:36:16,158 : INFO : Test_Login_Params : test_login_Params_003 : 22 : test_login_Params_003 is started
 2023-06-05 07:36:16,158 : INFO : Test_Login_Params : test_login_Params_003 : 24 : Opening Browser
 2023-06-05 07:36:18,374 : INFO : Test_Login_Params : test_login_Params_003 : 27 : Going to Url -->https://phptravels.net/api/admin
 2023-06-05 07:36:18,630 : INFO : Test_Login_Params : test_login_Params_003 : 30 : Entering Email-->admin@phptravels.com1
 2023-06-05 07:36:18,709 : INFO : Test_Login_Params : test_login_Params_003 : 32 : Entering Password-->demoadmin
 2023-06-05 07:36:18,766 : INFO : Test_Login_Params : test_login_Params_003 : 34 : Clicking Login
 2023-06-05 07:36:23,897 : INFO : Test_Login_Params : test_login_Params_003 : 72 : Page Title -->Administator Login
 2023-06-05 07:36:24,063 : INFO : Test_Login_Params : test_login_Params_003 : 80 : test_login_Params_003 is Passed
 2023-06-05 07:36:24,063 : INFO : Test_Login_Params : test_login_Params_003 : 84 : test_login_Params_003 is Completed
 2023-06-05 07:36:27,491 : INFO : Test_Login_Params : test_login_Params_003 : 22 : test_login_Params_003 is started
 2023-06-05 07:36:27,491 : INFO : Test_Login_Params : test_login_Params_003 : 24 : Opening Browser
 2023-06-05 07:36:29,890 : INFO : Test_Login_Params : test_login_Params_003 : 27 : Going to Url -->https://phptravels.net/api/admin
 2023-06-05 07:36:30,263 : INFO : Test_Login_Params : test_login_Params_003 : 30 : Entering Email-->admin@phptravels.com
 2023-06-05 07:36:30,350 : INFO : Test_Login_Params : test_login_Params_003 : 32 : Entering Password-->demoadmin1
 2023-06-05 07:36:30,400 : INFO : Test_Login_Params : test_login_Params_003 : 34 : Clicking Login
 2023-06-05 07:36:35,545 : INFO : Test_Login_Params : test_login_Params_003 : 72 : Page Title -->Administator Login
 2023-06-05 07:36:35,745 : INFO : Test_Login_Params : test_login_Params_003 : 80 : test_login_Params_003 is Passed
 2023-06-05 07:36:35,745 : INFO : Test_Login_Params : test_login_Params_003 : 84 : test_login_Params_003 is Completed
 2023-06-05 07:36:39,138 : INFO : Test_Login_Params : test_login_Params_003 : 22 : test_login_Params_003 is started
 2023-06-05 07:36:39,138 : INFO : Test_Login_Params : test_login_Params_003 : 24 : Opening Browser
 2023-06-05 07:36:41,438 : INFO : Test_Login_Params : test_login_Params_003 : 27 : Going to Url -->https://phptravels.net/api/admin
 2023-06-05 07:36:41,559 : INFO : Test_Login_Params : test_login_Params_003 : 30 : Entering Email-->admin@phptravels.com1
 2023-06-05 07:36:41,648 : INFO : Test_Login_Params : test_login_Params_003 : 32 : Entering Password-->demoadmin1
 2023-06-05 07:36:41,690 : INFO : Test_Login_Params : test_login_Params_003 : 34 : Clicking Login
 2023-06-05 07:36:46,879 : INFO : Test_Login_Params : test_login_Params_003 : 65 : Page Title -->Administator Login
 2023-06-05 07:40:00,980 : INFO : Test_Login_Params : test_login_Params_003 : 22 : test_login_Params_003 is started
 2023-06-05 07:40:00,980 : INFO : Test_Login_Params : test_login_Params_003 : 24 : Opening Browser
 2023-06-05 07:40:03,367 : INFO : Test_Login_Params : test_login_Params_003 : 27 : Going to Url -->https://phptravels.net/api/admin
 2023-06-05 07:40:03,635 : INFO : Test_Login_Params : test_login_Params_003 : 30 : Entering Email-->admin@phptravels.com
 2023-06-05 07:40:03,731 : INFO : Test_Login_Params : test_login_Params_003 : 32 : Entering Password-->demoadmin
 2023-06-05 07:40:03,794 : INFO : Test_Login_Params : test_login_Params_003 : 34 : Clicking Login
 2023-06-05 07:40:09,389 : INFO : Test_Login_Params : test_login_Params_003 : 40 : Page Title -->Dashboard
 2023-06-05 07:40:09,783 : INFO : Test_Login_Params : test_login_Params_003 : 42 : Clicking Menu Button
 2023-06-05 07:40:11,273 : INFO : Test_Login_Params : test_login_Params_003 : 48 : Clicking Logout Button
 2023-06-05 07:40:11,273 : INFO : Test_Login_Params : test_login_Params_003 : 80 : test_login_Params_003 is Passed
 2023-06-05 07:40:11,273 : INFO : Test_Login_Params : test_login_Params_003 : 83 : test_login_Params_003 is Failed
 2023-06-05 07:40:11,278 : INFO : Test_Login_Params : test_login_Params_003 : 84 : test_login_Params_003 is Completed
 2023-06-05 07:40:14,710 : INFO : Test_Login_Params : test_login_Params_003 : 22 : test_login_Params_003 is started
 2023-06-05 07:40:14,710 : INFO : Test_Login_Params : test_login_Params_003 : 24 : Opening Browser
 2023-06-05 07:40:16,748 : INFO : Test_Login_Params : test_login_Params_003 : 27 : Going to Url -->https://phptravels.net/api/admin
 2023-06-05 07:40:17,122 : INFO : Test_Login_Params : test_login_Params_003 : 30 : Entering Email-->admin@phptravels.com1
 2023-06-05 07:40:17,206 : INFO : Test_Login_Params : test_login_Params_003 : 32 : Entering Password-->demoadmin
 2023-06-05 07:40:17,273 : INFO : Test_Login_Params : test_login_Params_003 : 34 : Clicking Login
 2023-06-05 07:40:22,401 : INFO : Test_Login_Params : test_login_Params_003 : 72 : Page Title -->Administator Login
 2023-06-05 07:40:22,565 : INFO : Test_Login_Params : test_login_Params_003 : 80 : test_login_Params_003 is Passed
 2023-06-05 07:40:22,565 : INFO : Test_Login_Params : test_login_Params_003 : 83 : test_login_Params_003 is Failed
 2023-06-05 07:40:22,565 : INFO : Test_Login_Params : test_login_Params_003 : 84 : test_login_Params_003 is Completed
 2023-06-05 07:40:25,992 : INFO : Test_Login_Params : test_login_Params_003 : 22 : test_login_Params_003 is started
 2023-06-05 07:40:25,992 : INFO : Test_Login_Params : test_login_Params_003 : 24 : Opening Browser
 2023-06-05 07:40:28,125 : INFO : Test_Login_Params : test_login_Params_003 : 27 : Going to Url -->https://phptravels.net/api/admin
 2023-06-05 07:40:28,367 : INFO : Test_Login_Params : test_login_Params_003 : 30 : Entering Email-->admin@phptravels.com
 2023-06-05 07:40:28,451 : INFO : Test_Login_Params : test_login_Params_003 : 32 : Entering Password-->demoadmin1
 2023-06-05 07:40:28,503 : INFO : Test_Login_Params : test_login_Params_003 : 34 : Clicking Login
 2023-06-05 07:40:33,663 : INFO : Test_Login_Params : test_login_Params_003 : 72 : Page Title -->Administator Login
 2023-06-05 07:40:33,933 : INFO : Test_Login_Params : test_login_Params_003 : 80 : test_login_Params_003 is Passed
 2023-06-05 07:40:33,933 : INFO : Test_Login_Params : test_login_Params_003 : 83 : test_login_Params_003 is Failed
 2023-06-05 07:40:33,933 : INFO : Test_Login_Params : test_login_Params_003 : 84 : test_login_Params_003 is Completed
 2023-06-05 07:40:37,409 : INFO : Test_Login_Params : test_login_Params_003 : 22 : test_login_Params_003 is started
 2023-06-05 07:40:37,409 : INFO : Test_Login_Params : test_login_Params_003 : 24 : Opening Browser
 2023-06-05 07:40:39,373 : INFO : Test_Login_Params : test_login_Params_003 : 27 : Going to Url -->https://phptravels.net/api/admin
 2023-06-05 07:40:39,648 : INFO : Test_Login_Params : test_login_Params_003 : 30 : Entering Email-->admin@phptravels.com1
 2023-06-05 07:40:39,733 : INFO : Test_Login_Params : test_login_Params_003 : 32 : Entering Password-->demoadmin1
 2023-06-05 07:40:40,036 : INFO : Test_Login_Params : test_login_Params_003 : 34 : Clicking Login
 2023-06-05 07:40:45,233 : INFO : Test_Login_Params : test_login_Params_003 : 65 : Page Title -->Administator Login
 2023-06-05 07:45:10,463 : INFO : Test_Login_Params : test_login_Params_003 : 22 : test_login_Params_003 is started
 2023-06-05 07:45:10,463 : INFO : Test_Login_Params : test_login_Params_003 : 24 : Opening Browser
 2023-06-05 07:45:13,340 : INFO : Test_Login_Params : test_login_Params_003 : 27 : Going to Url -->https://phptravels.net/api/admin
 2023-06-05 07:45:13,613 : INFO : Test_Login_Params : test_login_Params_003 : 30 : Entering Email-->admin@phptravels.com
 2023-06-05 07:45:13,731 : INFO : Test_Login_Params : test_login_Params_003 : 32 : Entering Password-->demoadmin
 2023-06-05 07:45:13,780 : INFO : Test_Login_Params : test_login_Params_003 : 34 : Clicking Login
 2023-06-05 07:45:19,858 : INFO : Test_Login_Params : test_login_Params_003 : 40 : Page Title -->Dashboard
 2023-06-05 07:45:20,096 : INFO : Test_Login_Params : test_login_Params_003 : 42 : Clicking Menu Button
 2023-06-05 07:45:21,588 : INFO : Test_Login_Params : test_login_Params_003 : 48 : Clicking Logout Button
 2023-06-05 07:45:25,025 : INFO : Test_Login_Params : test_login_Params_003 : 22 : test_login_Params_003 is started
 2023-06-05 07:45:25,025 : INFO : Test_Login_Params : test_login_Params_003 : 24 : Opening Browser
 2023-06-05 07:45:27,284 : INFO : Test_Login_Params : test_login_Params_003 : 27 : Going to Url -->https://phptravels.net/api/admin
 2023-06-05 07:45:27,413 : INFO : Test_Login_Params : test_login_Params_003 : 30 : Entering Email-->admin@phptravels.com1
 2023-06-05 07:45:27,504 : INFO : Test_Login_Params : test_login_Params_003 : 32 : Entering Password-->demoadmin
 2023-06-05 07:45:27,574 : INFO : Test_Login_Params : test_login_Params_003 : 34 : Clicking Login
 2023-06-05 07:45:32,716 : INFO : Test_Login_Params : test_login_Params_003 : 72 : Page Title -->Administator Login
 2023-06-05 07:45:36,443 : INFO : Test_Login_Params : test_login_Params_003 : 22 : test_login_Params_003 is started
 2023-06-05 07:45:36,443 : INFO : Test_Login_Params : test_login_Params_003 : 24 : Opening Browser
 2023-06-05 07:45:38,568 : INFO : Test_Login_Params : test_login_Params_003 : 27 : Going to Url -->https://phptravels.net/api/admin
 2023-06-05 07:45:38,827 : INFO : Test_Login_Params : test_login_Params_003 : 30 : Entering Email-->admin@phptravels.com
 2023-06-05 07:45:38,913 : INFO : Test_Login_Params : test_login_Params_003 : 32 : Entering Password-->demoadmin1
 2023-06-05 07:45:38,980 : INFO : Test_Login_Params : test_login_Params_003 : 34 : Clicking Login
 2023-06-05 07:45:44,128 : INFO : Test_Login_Params : test_login_Params_003 : 72 : Page Title -->Administator Login
 2023-06-05 07:45:47,841 : INFO : Test_Login_Params : test_login_Params_003 : 22 : test_login_Params_003 is started
 2023-06-05 07:45:47,841 : INFO : Test_Login_Params : test_login_Params_003 : 24 : Opening Browser
 2023-06-05 07:45:49,882 : INFO : Test_Login_Params : test_login_Params_003 : 27 : Going to Url -->https://phptravels.net/api/admin
 2023-06-05 07:45:50,146 : INFO : Test_Login_Params : test_login_Params_003 : 30 : Entering Email-->admin@phptravels.com1
 2023-06-05 07:45:50,222 : INFO : Test_Login_Params : test_login_Params_003 : 32 : Entering Password-->demoadmin1
 2023-06-05 07:45:50,275 : INFO : Test_Login_Params : test_login_Params_003 : 34 : Clicking Login
 2023-06-05 07:45:55,427 : INFO : Test_Login_Params : test_login_Params_003 : 65 : Page Title -->Administator Login
 2023-06-05 07:46:37,354 : INFO : Test_Login : test_addcustomer_005 : 21 : test_addcustomer_005 is started
 2023-06-05 07:46:37,354 : INFO : Test_Login : test_addcustomer_005 : 21 : test_addcustomer_005 is started
 2023-06-05 07:46:37,354 : INFO : Test_Login : test_addcustomer_005 : 23 : Opening Browser
 2023-06-05 07:46:37,354 : INFO : Test_Login : test_addcustomer_005 : 23 : Opening Browser
 2023-06-05 07:46:39,302 : INFO : Test_Login : test_addcustomer_005 : 26 : Going to Url -->https://phptravels.net/api/admin
 2023-06-05 07:46:39,302 : INFO : Test_Login : test_addcustomer_005 : 26 : Going to Url -->https://phptravels.net/api/admin
 2023-06-05 07:46:39,579 : INFO : Test_Login : test_addcustomer_005 : 29 : Entering Email-->admin@phptravels.com
 2023-06-05 07:46:39,579 : INFO : Test_Login : test_addcustomer_005 : 29 : Entering Email-->admin@phptravels.com
 2023-06-05 07:46:39,659 : INFO : Test_Login : test_addcustomer_005 : 31 : Entering Password-->demoadmin
 2023-06-05 07:46:39,659 : INFO : Test_Login : test_addcustomer_005 : 31 : Entering Password-->demoadmin
 2023-06-05 07:46:39,713 : INFO : Test_Login : test_addcustomer_005 : 33 : Clicking Login
 2023-06-05 07:46:39,713 : INFO : Test_Login : test_addcustomer_005 : 33 : Clicking Login
 2023-06-05 07:47:24,169 : INFO : Test_Login : test_page_title_001 : 28 : test_page_title_001 is started
 2023-06-05 07:47:24,169 : INFO : Test_Login : test_page_title_001 : 28 : test_page_title_001 is started
 2023-06-05 07:47:24,169 : INFO : Test_Login : test_page_title_001 : 30 : Opening Browser
 2023-06-05 07:47:24,169 : INFO : Test_Login : test_page_title_001 : 30 : Opening Browser
 2023-06-05 07:47:26,343 : INFO : Test_Login : test_page_title_001 : 33 : Going to Url -->https://phptravels.net/api/admin
 2023-06-05 07:47:26,343 : INFO : Test_Login : test_page_title_001 : 33 : Going to Url -->https://phptravels.net/api/admin
 2023-06-05 07:47:26,351 : INFO : Test_Login : test_page_title_001 : 35 : Page Title -->Administator Login
 2023-06-05 07:47:26,351 : INFO : Test_Login : test_page_title_001 : 35 : Page Title -->Administator Login
 2023-06-05 07:47:26,568 : INFO : Test_Login : test_page_title_001 : 40 : test_page_title_001 is Passed
 2023-06-05 07:47:26,568 : INFO : Test_Login : test_page_title_001 : 40 : test_page_title_001 is Passed
 2023-06-05 07:47:26,570 : INFO : Test_Login : test_page_title_001 : 48 : test_page_title_001 is Completed
 2023-06-05 07:47:26,570 : INFO : Test_Login : test_page_title_001 : 48 : test_page_title_001 is Completed
 2023-06-05 07:47:30,000 : INFO : Test_Login : test_login_002 : 55 : test_login_002 is started
 2023-06-05 07:47:30,000 : INFO : Test_Login : test_login_002 : 55 : test_login_002 is started
 2023-06-05 07:47:30,000 : INFO : Test_Login : test_login_002 : 57 : Opening Browser
 2023-06-05 07:47:30,000 : INFO : Test_Login : test_login_002 : 57 : Opening Browser
 2023-06-05 07:47:32,232 : INFO : Test_Login : test_login_002 : 60 : Going to Url -->https://phptravels.net/api/admin
 2023-06-05 07:47:32,232 : INFO : Test_Login : test_login_002 : 60 : Going to Url -->https://phptravels.net/api/admin
 2023-06-05 07:47:32,612 : INFO : Test_Login : test_login_002 : 63 : Entering Email-->admin@phptravels.com
 2023-06-05 07:47:32,612 : INFO : Test_Login : test_login_002 : 63 : Entering Email-->admin@phptravels.com
 2023-06-05 07:47:32,695 : INFO : Test_Login : test_login_002 : 65 : Entering Password-->demoadmin
 2023-06-05 07:47:32,695 : INFO : Test_Login : test_login_002 : 65 : Entering Password-->demoadmin
 2023-06-05 07:47:32,763 : INFO : Test_Login : test_login_002 : 67 : Clicking Login
 2023-06-05 07:47:32,763 : INFO : Test_Login : test_login_002 : 67 : Clicking Login
 2023-06-05 07:47:38,513 : INFO : Test_Login : test_login_002 : 70 : Page Title -->Dashboard
 2023-06-05 07:47:38,513 : INFO : Test_Login : test_login_002 : 70 : Page Title -->Dashboard
 2023-06-05 07:47:38,803 : INFO : Test_Login : test_login_002 : 72 : Clicking Menu Button
 2023-06-05 07:47:38,803 : INFO : Test_Login : test_login_002 : 72 : Clicking Menu Button
 2023-06-05 07:47:42,569 : INFO : Test_Login : test_login_002 : 81 : Clicking Logout Button
 2023-06-05 07:47:42,569 : INFO : Test_Login : test_login_002 : 81 : Clicking Logout Button
 2023-06-05 07:47:42,571 : INFO : Test_Login : test_login_002 : 83 : test_login_002 is Passed
 2023-06-05 07:47:42,571 : INFO : Test_Login : test_login_002 : 83 : test_login_002 is Passed
 2023-06-05 07:47:42,571 : INFO : Test_Login : test_login_002 : 91 : test_login_002 is Completed
 2023-06-05 07:47:42,571 : INFO : Test_Login : test_login_002 : 91 : test_login_002 is Completed
 2023-06-05 07:47:46,117 : INFO : Test_Login_DDT : test_login_ddt_04 : 22 : test_login_ddt_04 is started
 2023-06-05 07:47:46,117 : INFO : Test_Login_DDT : test_login_ddt_04 : 24 : Opening Browser
 2023-06-05 07:47:48,279 : INFO : Test_Login_DDT : test_login_ddt_04 : 27 : Going to Url -->https://phptravels.net/api/admin
 2023-06-05 07:47:48,593 : INFO : Test_Login_DDT : test_login_ddt_04 : 39 : Entering Email-->admin@phptravels.com
 2023-06-05 07:47:48,674 : INFO : Test_Login_DDT : test_login_ddt_04 : 41 : Entering Password-->demoadmin
 2023-06-05 07:47:48,728 : INFO : Test_Login_DDT : test_login_ddt_04 : 43 : Clicking Login
 2023-06-05 07:47:54,301 : INFO : Test_Login_DDT : test_login_ddt_04 : 48 : Page Title -->Dashboard
 2023-06-05 07:47:54,606 : INFO : Test_Login_DDT : test_login_ddt_04 : 50 : Clicking Menu Button
 2023-06-05 07:47:56,067 : INFO : Test_Login_DDT : test_login_ddt_04 : 56 : Clicking Logout Button
 2023-06-05 07:47:56,487 : INFO : Test_Login_DDT : test_login_ddt_04 : 39 : Entering Email-->admin@phptravels.com1
 2023-06-05 07:47:56,561 : INFO : Test_Login_DDT : test_login_ddt_04 : 41 : Entering Password-->demoadmin
 2023-06-05 07:47:56,599 : INFO : Test_Login_DDT : test_login_ddt_04 : 43 : Clicking Login
 2023-06-05 07:48:01,714 : INFO : Test_Login_DDT : test_login_ddt_04 : 83 : Page Title -->Administator Login
 2023-06-05 07:48:02,138 : INFO : Test_Login_DDT : test_login_ddt_04 : 39 : Entering Email-->admin@phptravels.com
 2023-06-05 07:48:02,238 : INFO : Test_Login_DDT : test_login_ddt_04 : 41 : Entering Password-->demoadmin1
 2023-06-05 07:48:02,289 : INFO : Test_Login_DDT : test_login_ddt_04 : 43 : Clicking Login
 2023-06-05 07:48:07,453 : INFO : Test_Login_DDT : test_login_ddt_04 : 83 : Page Title -->Administator Login
 2023-06-05 07:48:08,214 : INFO : Test_Login_DDT : test_login_ddt_04 : 39 : Entering Email-->admin@phptravels.com1
 2023-06-05 07:48:08,295 : INFO : Test_Login_DDT : test_login_ddt_04 : 41 : Entering Password-->demoadmin1
 2023-06-05 07:48:08,336 : INFO : Test_Login_DDT : test_login_ddt_04 : 43 : Clicking Login
 2023-06-05 07:48:13,474 : INFO : Test_Login_DDT : test_login_ddt_04 : 83 : Page Title -->Administator Login
 2023-06-05 07:48:13,648 : INFO : Test_Login_DDT : test_login_ddt_04 : 92 : test_login_ddt_04 is Passed
 2023-06-05 07:48:13,649 : INFO : Test_Login_DDT : test_login_ddt_04 : 96 : test_login_ddt_04 is Completed
 2023-06-05 07:48:17,166 : INFO : Test_Login_Params : test_login_Params_003 : 22 : test_login_Params_003 is started
 2023-06-05 07:48:17,166 : INFO : Test_Login_Params : test_login_Params_003 : 24 : Opening Browser
 2023-06-05 07:48:19,309 : INFO : Test_Login_Params : test_login_Params_003 : 27 : Going to Url -->https://phptravels.net/api/admin
 2023-06-05 07:48:19,564 : INFO : Test_Login_Params : test_login_Params_003 : 30 : Entering Email-->admin@phptravels.com
 2023-06-05 07:48:19,642 : INFO : Test_Login_Params : test_login_Params_003 : 32 : Entering Password-->demoadmin
 2023-06-05 07:48:19,683 : INFO : Test_Login_Params : test_login_Params_003 : 34 : Clicking Login
 2023-06-05 07:48:25,312 : INFO : Test_Login_Params : test_login_Params_003 : 40 : Page Title -->Dashboard
 2023-06-05 07:48:25,586 : INFO : Test_Login_Params : test_login_Params_003 : 42 : Clicking Menu Button
 2023-06-05 07:48:27,240 : INFO : Test_Login_Params : test_login_Params_003 : 48 : Clicking Logout Button
 2023-06-05 07:48:30,680 : INFO : Test_Login_Params : test_login_Params_003 : 22 : test_login_Params_003 is started
 2023-06-05 07:48:30,680 : INFO : Test_Login_Params : test_login_Params_003 : 24 : Opening Browser
 2023-06-05 07:48:32,881 : INFO : Test_Login_Params : test_login_Params_003 : 27 : Going to Url -->https://phptravels.net/api/admin
 2023-06-05 07:48:33,021 : INFO : Test_Login_Params : test_login_Params_003 : 30 : Entering Email-->admin@phptravels.com1
 2023-06-05 07:48:33,105 : INFO : Test_Login_Params : test_login_Params_003 : 32 : Entering Password-->demoadmin
 2023-06-05 07:48:33,160 : INFO : Test_Login_Params : test_login_Params_003 : 34 : Clicking Login
 2023-06-05 07:48:38,288 : INFO : Test_Login_Params : test_login_Params_003 : 72 : Page Title -->Administator Login
 2023-06-05 07:48:42,047 : INFO : Test_Login_Params : test_login_Params_003 : 22 : test_login_Params_003 is started
 2023-06-05 07:48:42,047 : INFO : Test_Login_Params : test_login_Params_003 : 24 : Opening Browser
 2023-06-05 07:48:44,043 : INFO : Test_Login_Params : test_login_Params_003 : 27 : Going to Url -->https://phptravels.net/api/admin
 2023-06-05 07:48:44,310 : INFO : Test_Login_Params : test_login_Params_003 : 30 : Entering Email-->admin@phptravels.com
 2023-06-05 07:48:44,402 : INFO : Test_Login_Params : test_login_Params_003 : 32 : Entering Password-->demoadmin1
 2023-06-05 07:48:44,469 : INFO : Test_Login_Params : test_login_Params_003 : 34 : Clicking Login
 2023-06-05 07:48:49,619 : INFO : Test_Login_Params : test_login_Params_003 : 72 : Page Title -->Administator Login
 2023-06-05 07:48:53,229 : INFO : Test_Login_Params : test_login_Params_003 : 22 : test_login_Params_003 is started
 2023-06-05 07:48:53,229 : INFO : Test_Login_Params : test_login_Params_003 : 24 : Opening Browser
 2023-06-05 07:48:55,224 : INFO : Test_Login_Params : test_login_Params_003 : 27 : Going to Url -->https://phptravels.net/api/admin
 2023-06-05 07:48:55,487 : INFO : Test_Login_Params : test_login_Params_003 : 30 : Entering Email-->admin@phptravels.com1
 2023-06-05 07:48:55,574 : INFO : Test_Login_Params : test_login_Params_003 : 32 : Entering Password-->demoadmin1
 2023-06-05 07:48:55,631 : INFO : Test_Login_Params : test_login_Params_003 : 34 : Clicking Login
 2023-06-05 07:49:00,774 : INFO : Test_Login_Params : test_login_Params_003 : 65 : Page Title -->Administator Login
 2023-06-05 10:29:53,036 : INFO : Test_Login : test_addcustomer_005 : 20 : test_addcustomer_005 is started
 2023-06-05 10:29:53,036 : INFO : Test_Login : test_addcustomer_005 : 20 : test_addcustomer_005 is started
 2023-06-05 10:29:53,036 : INFO : Test_Login : test_addcustomer_005 : 22 : Opening Browser
 2023-06-05 10:29:53,036 : INFO : Test_Login : test_addcustomer_005 : 22 : Opening Browser
 2023-06-05 10:29:55,393 : INFO : Test_Login : test_addcustomer_005 : 25 : Going to Url -->https://phptravels.net/api/admin
 2023-06-05 10:29:55,393 : INFO : Test_Login : test_addcustomer_005 : 25 : Going to Url -->https://phptravels.net/api/admin
 2023-06-05 10:29:55,694 : INFO : Test_Login : test_addcustomer_005 : 28 : Entering Email-->admin@phptravels.com
 2023-06-05 10:29:55,694 : INFO : Test_Login : test_addcustomer_005 : 28 : Entering Email-->admin@phptravels.com
 2023-06-05 10:29:55,774 : INFO : Test_Login : test_addcustomer_005 : 30 : Entering Password-->demoadmin
 2023-06-05 10:29:55,774 : INFO : Test_Login : test_addcustomer_005 : 30 : Entering Password-->demoadmin
 2023-06-05 10:29:55,838 : INFO : Test_Login : test_addcustomer_005 : 32 : Clicking Login
 2023-06-05 10:29:55,838 : INFO : Test_Login : test_addcustomer_005 : 32 : Clicking Login
 2023-06-05 10:30:16,287 : INFO : Test_Login : test_page_title_001 : 28 : test_page_title_001 is started
 2023-06-05 10:30:16,287 : INFO : Test_Login : test_page_title_001 : 28 : test_page_title_001 is started
 2023-06-05 10:30:16,287 : INFO : Test_Login : test_page_title_001 : 30 : Opening Browser
 2023-06-05 10:30:16,287 : INFO : Test_Login : test_page_title_001 : 30 : Opening Browser
 2023-06-05 10:30:21,858 : INFO : Test_Login : test_page_title_001 : 33 : Going to Url -->https://phptravels.net/api/admin
 2023-06-05 10:30:21,858 : INFO : Test_Login : test_page_title_001 : 33 : Going to Url -->https://phptravels.net/api/admin
 2023-06-05 10:30:21,865 : INFO : Test_Login : test_page_title_001 : 35 : Page Title -->Administator Login
 2023-06-05 10:30:21,865 : INFO : Test_Login : test_page_title_001 : 35 : Page Title -->Administator Login
 2023-06-05 10:30:22,047 : INFO : Test_Login : test_page_title_001 : 40 : test_page_title_001 is Passed
 2023-06-05 10:30:22,047 : INFO : Test_Login : test_page_title_001 : 40 : test_page_title_001 is Passed
 2023-06-05 10:30:22,047 : INFO : Test_Login : test_page_title_001 : 48 : test_page_title_001 is Completed
 2023-06-05 10:30:22,047 : INFO : Test_Login : test_page_title_001 : 48 : test_page_title_001 is Completed
 2023-06-05 10:30:25,501 : INFO : Test_Login : test_login_002 : 55 : test_login_002 is started
 2023-06-05 10:30:25,501 : INFO : Test_Login : test_login_002 : 55 : test_login_002 is started
 2023-06-05 10:30:25,501 : INFO : Test_Login : test_login_002 : 57 : Opening Browser
 2023-06-05 10:30:25,501 : INFO : Test_Login : test_login_002 : 57 : Opening Browser
 2023-06-05 10:30:30,222 : INFO : Test_Login : test_login_002 : 60 : Going to Url -->https://phptravels.net/api/admin
 2023-06-05 10:30:30,222 : INFO : Test_Login : test_login_002 : 60 : Going to Url -->https://phptravels.net/api/admin
 2023-06-05 10:30:30,489 : INFO : Test_Login : test_login_002 : 63 : Entering Email-->admin@phptravels.com
 2023-06-05 10:30:30,489 : INFO : Test_Login : test_login_002 : 63 : Entering Email-->admin@phptravels.com
 2023-06-05 10:30:30,572 : INFO : Test_Login : test_login_002 : 65 : Entering Password-->demoadmin
 2023-06-05 10:30:30,572 : INFO : Test_Login : test_login_002 : 65 : Entering Password-->demoadmin
 2023-06-05 10:30:30,626 : INFO : Test_Login : test_login_002 : 67 : Clicking Login
 2023-06-05 10:30:30,626 : INFO : Test_Login : test_login_002 : 67 : Clicking Login
 2023-06-05 10:30:37,944 : INFO : Test_Login : test_login_002 : 70 : Page Title -->Dashboard
 2023-06-05 10:30:37,944 : INFO : Test_Login : test_login_002 : 70 : Page Title -->Dashboard
 2023-06-05 10:30:37,987 : INFO : Test_Login : test_login_002 : 72 : Clicking Menu Button
 2023-06-05 10:30:37,987 : INFO : Test_Login : test_login_002 : 72 : Clicking Menu Button
 2023-06-05 10:30:42,387 : INFO : Test_Login : test_login_002 : 81 : Clicking Logout Button
 2023-06-05 10:30:42,387 : INFO : Test_Login : test_login_002 : 81 : Clicking Logout Button
 2023-06-05 10:30:42,387 : INFO : Test_Login : test_login_002 : 83 : test_login_002 is Passed
 2023-06-05 10:30:42,387 : INFO : Test_Login : test_login_002 : 83 : test_login_002 is Passed
 2023-06-05 10:30:42,387 : INFO : Test_Login : test_login_002 : 91 : test_login_002 is Completed
 2023-06-05 10:30:42,387 : INFO : Test_Login : test_login_002 : 91 : test_login_002 is Completed
 2023-06-05 10:30:45,980 : INFO : Test_Login_DDT : test_login_ddt_04 : 22 : test_login_ddt_04 is started
 2023-06-05 10:30:45,980 : INFO : Test_Login_DDT : test_login_ddt_04 : 24 : Opening Browser
 2023-06-05 10:30:49,600 : INFO : Test_Login_DDT : test_login_ddt_04 : 27 : Going to Url -->https://phptravels.net/api/admin
 2023-06-05 10:30:49,863 : INFO : Test_Login_DDT : test_login_ddt_04 : 39 : Entering Email-->admin@phptravels.com
 2023-06-05 10:30:49,935 : INFO : Test_Login_DDT : test_login_ddt_04 : 41 : Entering Password-->demoadmin
 2023-06-05 10:30:50,006 : INFO : Test_Login_DDT : test_login_ddt_04 : 43 : Clicking Login
 2023-06-05 10:30:58,235 : INFO : Test_Login_DDT : test_login_ddt_04 : 48 : Page Title -->Dashboard
 2023-06-05 10:30:58,290 : INFO : Test_Login_DDT : test_login_ddt_04 : 50 : Clicking Menu Button
 2023-06-05 10:31:00,488 : INFO : Test_Login_DDT : test_login_ddt_04 : 56 : Clicking Logout Button
 2023-06-05 10:31:00,881 : INFO : Test_Login_DDT : test_login_ddt_04 : 39 : Entering Email-->admin@phptravels.com1
 2023-06-05 10:31:00,957 : INFO : Test_Login_DDT : test_login_ddt_04 : 41 : Entering Password-->demoadmin
 2023-06-05 10:31:00,992 : INFO : Test_Login_DDT : test_login_ddt_04 : 43 : Clicking Login
 2023-06-05 10:31:06,135 : INFO : Test_Login_DDT : test_login_ddt_04 : 83 : Page Title -->Administator Login
 2023-06-05 10:31:06,561 : INFO : Test_Login_DDT : test_login_ddt_04 : 39 : Entering Email-->admin@phptravels.com
 2023-06-05 10:31:06,668 : INFO : Test_Login_DDT : test_login_ddt_04 : 41 : Entering Password-->demoadmin1
 2023-06-05 10:31:06,700 : INFO : Test_Login_DDT : test_login_ddt_04 : 43 : Clicking Login
 2023-06-05 10:31:11,867 : INFO : Test_Login_DDT : test_login_ddt_04 : 83 : Page Title -->Administator Login
 2023-06-05 10:31:12,304 : INFO : Test_Login_DDT : test_login_ddt_04 : 39 : Entering Email-->admin@phptravels.com1
 2023-06-05 10:31:12,439 : INFO : Test_Login_DDT : test_login_ddt_04 : 41 : Entering Password-->demoadmin1
 2023-06-05 10:31:12,567 : INFO : Test_Login_DDT : test_login_ddt_04 : 43 : Clicking Login
 2023-06-05 10:31:17,706 : INFO : Test_Login_DDT : test_login_ddt_04 : 83 : Page Title -->Administator Login
 2023-06-05 10:31:17,890 : INFO : Test_Login_DDT : test_login_ddt_04 : 92 : test_login_ddt_04 is Passed
 2023-06-05 10:31:17,891 : INFO : Test_Login_DDT : test_login_ddt_04 : 96 : test_login_ddt_04 is Completed
 2023-06-05 10:31:21,397 : INFO : Test_Login_Params : test_login_Params_003 : 22 : test_login_Params_003 is started
 2023-06-05 10:31:21,397 : INFO : Test_Login_Params : test_login_Params_003 : 24 : Opening Browser
 2023-06-05 10:31:24,924 : INFO : Test_Login_Params : test_login_Params_003 : 27 : Going to Url -->https://phptravels.net/api/admin
 2023-06-05 10:31:25,185 : INFO : Test_Login_Params : test_login_Params_003 : 30 : Entering Email-->admin@phptravels.com
 2023-06-05 10:31:25,266 : INFO : Test_Login_Params : test_login_Params_003 : 32 : Entering Password-->demoadmin
 2023-06-05 10:31:25,338 : INFO : Test_Login_Params : test_login_Params_003 : 34 : Clicking Login
 2023-06-05 10:31:32,401 : INFO : Test_Login_Params : test_login_Params_003 : 40 : Page Title -->Dashboard
 2023-06-05 10:31:32,464 : INFO : Test_Login_Params : test_login_Params_003 : 42 : Clicking Menu Button
 2023-06-05 10:31:34,546 : INFO : Test_Login_Params : test_login_Params_003 : 48 : Clicking Logout Button
 2023-06-05 10:31:37,996 : INFO : Test_Login_Params : test_login_Params_003 : 22 : test_login_Params_003 is started
 2023-06-05 10:31:37,996 : INFO : Test_Login_Params : test_login_Params_003 : 24 : Opening Browser
 2023-06-05 10:31:41,471 : INFO : Test_Login_Params : test_login_Params_003 : 27 : Going to Url -->https://phptravels.net/api/admin
 2023-06-05 10:31:41,734 : INFO : Test_Login_Params : test_login_Params_003 : 30 : Entering Email-->admin@phptravels.com1
 2023-06-05 10:31:41,819 : INFO : Test_Login_Params : test_login_Params_003 : 32 : Entering Password-->demoadmin
 2023-06-05 10:31:41,870 : INFO : Test_Login_Params : test_login_Params_003 : 34 : Clicking Login
 2023-06-05 10:31:47,005 : INFO : Test_Login_Params : test_login_Params_003 : 72 : Page Title -->Administator Login
 2023-06-05 10:31:50,561 : INFO : Test_Login_Params : test_login_Params_003 : 22 : test_login_Params_003 is started
 2023-06-05 10:31:50,561 : INFO : Test_Login_Params : test_login_Params_003 : 24 : Opening Browser
 2023-06-05 10:31:54,330 : INFO : Test_Login_Params : test_login_Params_003 : 27 : Going to Url -->https://phptravels.net/api/admin
 2023-06-05 10:31:54,599 : INFO : Test_Login_Params : test_login_Params_003 : 30 : Entering Email-->admin@phptravels.com
 2023-06-05 10:31:54,670 : INFO : Test_Login_Params : test_login_Params_003 : 32 : Entering Password-->demoadmin1
 2023-06-05 10:31:54,737 : INFO : Test_Login_Params : test_login_Params_003 : 34 : Clicking Login
 2023-06-05 10:31:59,905 : INFO : Test_Login_Params : test_login_Params_003 : 72 : Page Title -->Administator Login
 2023-06-05 10:32:03,508 : INFO : Test_Login_Params : test_login_Params_003 : 22 : test_login_Params_003 is started
 2023-06-05 10:32:03,508 : INFO : Test_Login_Params : test_login_Params_003 : 24 : Opening Browser
 2023-06-05 10:32:07,383 : INFO : Test_Login_Params : test_login_Params_003 : 27 : Going to Url -->https://phptravels.net/api/admin
 2023-06-05 10:32:07,633 : INFO : Test_Login_Params : test_login_Params_003 : 30 : Entering Email-->admin@phptravels.com1
 2023-06-05 10:32:07,712 : INFO : Test_Login_Params : test_login_Params_003 : 32 : Entering Password-->demoadmin1
 2023-06-05 10:32:07,761 : INFO : Test_Login_Params : test_login_Params_003 : 34 : Clicking Login
 2023-06-05 10:32:12,927 : INFO : Test_Login_Params : test_login_Params_003 : 65 : Page Title -->Administator Login
 2023-06-05 10:34:04,718 : INFO : Test_Login : test_addcustomer_005 : 20 : test_addcustomer_005 is started
 2023-06-05 10:34:04,718 : INFO : Test_Login : test_addcustomer_005 : 22 : Opening Browser
 2023-06-05 10:34:07,033 : INFO : Test_Login : test_addcustomer_005 : 25 : Going to Url -->https://phptravels.net/api/admin
 2023-06-05 10:34:07,312 : INFO : Test_Login : test_addcustomer_005 : 28 : Entering Email-->admin@phptravels.com
 2023-06-05 10:34:07,397 : INFO : Test_Login : test_addcustomer_005 : 30 : Entering Password-->demoadmin
 2023-06-05 10:34:07,449 : INFO : Test_Login : test_addcustomer_005 : 32 : Clicking Login
 2023-06-05 10:38:29,505 : INFO : Test_Login : test_addcustomer_005 : 20 : test_addcustomer_005 is started
 2023-06-05 10:38:29,505 : INFO : Test_Login : test_addcustomer_005 : 22 : Opening Browser
 2023-06-05 10:38:31,701 : INFO : Test_Login : test_addcustomer_005 : 25 : Going to Url -->https://phptravels.net/api/admin
 2023-06-05 10:38:31,970 : INFO : Test_Login : test_addcustomer_005 : 28 : Entering Email-->admin@phptravels.com
 2023-06-05 10:38:32,047 : INFO : Test_Login : test_addcustomer_005 : 30 : Entering Password-->demoadmin
 2023-06-05 10:38:32,123 : INFO : Test_Login : test_addcustomer_005 : 32 : Clicking Login
 2023-06-05 10:39:58,416 : INFO : Test_Login : test_addcustomer_005 : 20 : test_addcustomer_005 is started
 2023-06-05 10:39:58,416 : INFO : Test_Login : test_addcustomer_005 : 22 : Opening Browser
 2023-06-05 10:40:00,644 : INFO : Test_Login : test_addcustomer_005 : 25 : Going to Url -->https://phptravels.net/api/admin
 2023-06-05 10:40:00,894 : INFO : Test_Login : test_addcustomer_005 : 28 : Entering Email-->admin@phptravels.com
 2023-06-05 10:40:00,976 : INFO : Test_Login : test_addcustomer_005 : 30 : Entering Password-->demoadmin
 2023-06-05 10:40:01,039 : INFO : Test_Login : test_addcustomer_005 : 32 : Clicking Login
 2023-06-05 10:40:38,979 : INFO : Test_Login : test_addcustomer_005 : 20 : test_addcustomer_005 is started
 2023-06-05 10:40:38,979 : INFO : Test_Login : test_addcustomer_005 : 22 : Opening Browser
 2023-06-05 10:40:41,243 : INFO : Test_Login : test_addcustomer_005 : 25 : Going to Url -->https://phptravels.net/api/admin
 2023-06-05 10:40:41,504 : INFO : Test_Login : test_addcustomer_005 : 28 : Entering Email-->admin@phptravels.com
 2023-06-05 10:40:41,584 : INFO : Test_Login : test_addcustomer_005 : 30 : Entering Password-->demoadmin
 2023-06-05 10:40:41,650 : INFO : Test_Login : test_addcustomer_005 : 32 : Clicking Login
 2023-06-05 10:45:41,445 : INFO : Test_Login : test_addcustomer_005 : 20 : test_addcustomer_005 is started
 2023-06-05 10:45:41,461 : INFO : Test_Login : test_addcustomer_005 : 22 : Opening Browser
 2023-06-05 10:45:44,771 : INFO : Test_Login : test_addcustomer_005 : 25 : Going to Url -->https://phptravels.net/api/admin
 2023-06-05 10:45:45,169 : INFO : Test_Login : test_addcustomer_005 : 28 : Entering Email-->admin@phptravels.com
 2023-06-05 10:45:45,248 : INFO : Test_Login : test_addcustomer_005 : 30 : Entering Password-->demoadmin
 2023-06-05 10:45:45,313 : INFO : Test_Login : test_addcustomer_005 : 32 : Clicking Login
